{"/Users/ariel/Documents/librarySystem/pos/src/hooks/useAuth.tsx": {"path":"/Users/ariel/Documents/librarySystem/pos/src/hooks/useAuth.tsx","statementMap":{"0":{"start":{"line":14,"column":20},"end":{"line":14,"column":null}},"1":{"start":{"line":17,"column":26},"end":{"line":17,"column":null}},"2":{"start":{"line":18,"column":32},"end":{"line":18,"column":null}},"3":{"start":{"line":20,"column":2},"end":{"line":27,"column":null}},"4":{"start":{"line":21,"column":19},"end":{"line":21,"column":null}},"5":{"start":{"line":22,"column":18},"end":{"line":22,"column":null}},"6":{"start":{"line":23,"column":4},"end":{"line":25,"column":null}},"7":{"start":{"line":24,"column":6},"end":{"line":24,"column":null}},"8":{"start":{"line":26,"column":4},"end":{"line":26,"column":null}},"9":{"start":{"line":30,"column":16},"end":{"line":30,"column":null}},"10":{"start":{"line":31,"column":4},"end":{"line":31,"column":null}},"11":{"start":{"line":32,"column":4},"end":{"line":32,"column":null}},"12":{"start":{"line":33,"column":4},"end":{"line":33,"column":null}},"13":{"start":{"line":34,"column":4},"end":{"line":34,"column":null}},"14":{"start":{"line":38,"column":16},"end":{"line":38,"column":null}},"15":{"start":{"line":39,"column":4},"end":{"line":39,"column":null}},"16":{"start":{"line":40,"column":4},"end":{"line":40,"column":null}},"17":{"start":{"line":41,"column":4},"end":{"line":41,"column":null}},"18":{"start":{"line":42,"column":4},"end":{"line":42,"column":null}},"19":{"start":{"line":46,"column":4},"end":{"line":46,"column":null}},"20":{"start":{"line":47,"column":4},"end":{"line":47,"column":null}},"21":{"start":{"line":48,"column":4},"end":{"line":48,"column":null}},"22":{"start":{"line":49,"column":4},"end":{"line":49,"column":null}},"23":{"start":{"line":52,"column":2},"end":{"line":65,"column":null}},"24":{"start":{"line":70,"column":14},"end":{"line":70,"column":null}},"25":{"start":{"line":71,"column":2},"end":{"line":71,"column":null}},"26":{"start":{"line":71,"column":12},"end":{"line":71,"column":null}},"27":{"start":{"line":72,"column":2},"end":{"line":72,"column":null}}},"fnMap":{"0":{"name":"AuthProvider","decl":{"start":{"line":16,"column":16},"end":{"line":16,"column":29}},"loc":{"start":{"line":16,"column":68},"end":{"line":67,"column":null}},"line":16},"1":{"name":"(anonymous_1)","decl":{"start":{"line":20,"column":2},"end":{"line":20,"column":18}},"loc":{"start":{"line":20,"column":18},"end":{"line":27,"column":5}},"line":20},"2":{"name":"loginPin","decl":{"start":{"line":29,"column":17},"end":{"line":29,"column":26}},"loc":{"start":{"line":29,"column":39},"end":{"line":35,"column":null}},"line":29},"3":{"name":"loginEmail","decl":{"start":{"line":37,"column":17},"end":{"line":37,"column":28}},"loc":{"start":{"line":37,"column":61},"end":{"line":43,"column":null}},"line":37},"4":{"name":"logout","decl":{"start":{"line":45,"column":11},"end":{"line":45,"column":20}},"loc":{"start":{"line":45,"column":20},"end":{"line":50,"column":null}},"line":45},"5":{"name":"useAuth","decl":{"start":{"line":69,"column":16},"end":{"line":69,"column":26}},"loc":{"start":{"line":69,"column":26},"end":{"line":73,"column":null}},"line":69}},"branchMap":{"0":{"loc":{"start":{"line":23,"column":4},"end":{"line":25,"column":null}},"type":"if","locations":[{"start":{"line":23,"column":4},"end":{"line":25,"column":null}},{"start":{},"end":{}}],"line":23},"1":{"loc":{"start":{"line":23,"column":8},"end":{"line":23,"column":25}},"type":"binary-expr","locations":[{"start":{"line":23,"column":8},"end":{"line":23,"column":18}},{"start":{"line":23,"column":18},"end":{"line":23,"column":25}}],"line":23},"2":{"loc":{"start":{"line":71,"column":2},"end":{"line":71,"column":null}},"type":"if","locations":[{"start":{"line":71,"column":2},"end":{"line":71,"column":null}},{"start":{},"end":{}}],"line":71}},"s":{"0":1,"1":21,"2":21,"3":21,"4":8,"5":8,"6":8,"7":1,"8":8,"9":4,"10":3,"11":3,"12":3,"13":3,"14":1,"15":1,"16":1,"17":1,"18":1,"19":1,"20":1,"21":1,"22":1,"23":21,"24":23,"25":23,"26":2,"27":21},"f":{"0":21,"1":8,"2":4,"3":1,"4":1,"5":23},"b":{"0":[1,7],"1":[8,2],"2":[2,21]},"meta":{"lastBranch":3,"lastFunction":6,"lastStatement":28,"seen":{"s:14:20:14:Infinity":0,"f:16:16:16:29":0,"s:17:26:17:Infinity":1,"s:18:32:18:Infinity":2,"s:20:2:27:Infinity":3,"f:20:2:20:18":1,"s:21:19:21:Infinity":4,"s:22:18:22:Infinity":5,"b:23:4:25:Infinity:undefined:undefined:undefined:undefined":0,"s:23:4:25:Infinity":6,"b:23:8:23:18:23:18:23:25":1,"s:24:6:24:Infinity":7,"s:26:4:26:Infinity":8,"f:29:17:29:26":2,"s:30:16:30:Infinity":9,"s:31:4:31:Infinity":10,"s:32:4:32:Infinity":11,"s:33:4:33:Infinity":12,"s:34:4:34:Infinity":13,"f:37:17:37:28":3,"s:38:16:38:Infinity":14,"s:39:4:39:Infinity":15,"s:40:4:40:Infinity":16,"s:41:4:41:Infinity":17,"s:42:4:42:Infinity":18,"f:45:11:45:20":4,"s:46:4:46:Infinity":19,"s:47:4:47:Infinity":20,"s:48:4:48:Infinity":21,"s:49:4:49:Infinity":22,"s:52:2:65:Infinity":23,"f:69:16:69:26":5,"s:70:14:70:Infinity":24,"b:71:2:71:Infinity:undefined:undefined:undefined:undefined":2,"s:71:2:71:Infinity":25,"s:71:12:71:Infinity":26,"s:72:2:72:Infinity":27},"fnNames":{}}}
,"/Users/ariel/Documents/librarySystem/pos/src/pages/POS/hooks/useCart.ts": {"path":"/Users/ariel/Documents/librarySystem/pos/src/pages/POS/hooks/useCart.ts","statementMap":{"0":{"start":{"line":20,"column":26},"end":{"line":20,"column":null}},"1":{"start":{"line":23,"column":4},"end":{"line":48,"column":null}},"2":{"start":{"line":24,"column":23},"end":{"line":24,"column":null}},"3":{"start":{"line":24,"column":43},"end":{"line":24,"column":70}},"4":{"start":{"line":25,"column":6},"end":{"line":35,"column":null}},"5":{"start":{"line":26,"column":8},"end":{"line":28,"column":null}},"6":{"start":{"line":27,"column":10},"end":{"line":27,"column":null}},"7":{"start":{"line":29,"column":23},"end":{"line":29,"column":null}},"8":{"start":{"line":30,"column":8},"end":{"line":34,"column":null}},"9":{"start":{"line":31,"column":10},"end":{"line":33,"column":null}},"10":{"start":{"line":36,"column":6},"end":{"line":47,"column":null}},"11":{"start":{"line":52,"column":4},"end":{"line":68,"column":null}},"12":{"start":{"line":53,"column":23},"end":{"line":53,"column":null}},"13":{"start":{"line":53,"column":43},"end":{"line":53,"column":69}},"14":{"start":{"line":54,"column":6},"end":{"line":66,"column":null}},"15":{"start":{"line":55,"column":24},"end":{"line":55,"column":null}},"16":{"start":{"line":55,"column":45},"end":{"line":55,"column":63}},"17":{"start":{"line":56,"column":23},"end":{"line":56,"column":null}},"18":{"start":{"line":57,"column":26},"end":{"line":57,"column":null}},"19":{"start":{"line":58,"column":8},"end":{"line":60,"column":null}},"20":{"start":{"line":59,"column":10},"end":{"line":59,"column":null}},"21":{"start":{"line":59,"column":39},"end":{"line":59,"column":65}},"22":{"start":{"line":61,"column":8},"end":{"line":65,"column":null}},"23":{"start":{"line":62,"column":10},"end":{"line":64,"column":null}},"24":{"start":{"line":67,"column":6},"end":{"line":67,"column":null}},"25":{"start":{"line":72,"column":4},"end":{"line":84,"column":null}},"26":{"start":{"line":73,"column":22},"end":{"line":73,"column":null}},"27":{"start":{"line":73,"column":43},"end":{"line":73,"column":61}},"28":{"start":{"line":74,"column":21},"end":{"line":74,"column":null}},"29":{"start":{"line":75,"column":24},"end":{"line":75,"column":null}},"30":{"start":{"line":76,"column":6},"end":{"line":78,"column":null}},"31":{"start":{"line":77,"column":8},"end":{"line":77,"column":null}},"32":{"start":{"line":77,"column":37},"end":{"line":77,"column":63}},"33":{"start":{"line":79,"column":6},"end":{"line":83,"column":null}},"34":{"start":{"line":80,"column":8},"end":{"line":82,"column":null}},"35":{"start":{"line":88,"column":4},"end":{"line":88,"column":null}},"36":{"start":{"line":88,"column":22},"end":{"line":88,"column":71}},"37":{"start":{"line":88,"column":44},"end":{"line":88,"column":70}},"38":{"start":{"line":92,"column":4},"end":{"line":92,"column":null}},"39":{"start":{"line":95,"column":19},"end":{"line":95,"column":null}},"40":{"start":{"line":95,"column":33},"end":{"line":95,"column":85}},"41":{"start":{"line":95,"column":60},"end":{"line":95,"column":81}},"42":{"start":{"line":96,"column":20},"end":{"line":96,"column":null}},"43":{"start":{"line":96,"column":34},"end":{"line":96,"column":86}},"44":{"start":{"line":96,"column":61},"end":{"line":96,"column":82}},"45":{"start":{"line":98,"column":2},"end":{"line":107,"column":null}}},"fnMap":{"0":{"name":"useCart","decl":{"start":{"line":19,"column":16},"end":{"line":19,"column":24}},"loc":{"start":{"line":19,"column":60},"end":{"line":108,"column":null}},"line":19},"1":{"name":"addToCart","decl":{"start":{"line":22,"column":11},"end":{"line":22,"column":21}},"loc":{"start":{"line":22,"column":39},"end":{"line":49,"column":null}},"line":22},"2":{"name":"(anonymous_2)","decl":{"start":{"line":23,"column":4},"end":{"line":23,"column":13}},"loc":{"start":{"line":23,"column":22},"end":{"line":48,"column":5}},"line":23},"3":{"name":"(anonymous_3)","decl":{"start":{"line":24,"column":28},"end":{"line":24,"column":34}},"loc":{"start":{"line":24,"column":43},"end":{"line":24,"column":70}},"line":24},"4":{"name":"(anonymous_4)","decl":{"start":{"line":30,"column":20},"end":{"line":30,"column":25}},"loc":{"start":{"line":31,"column":10},"end":{"line":33,"column":null}},"line":31},"5":{"name":"addQuantity","decl":{"start":{"line":51,"column":11},"end":{"line":51,"column":23}},"loc":{"start":{"line":51,"column":60},"end":{"line":69,"column":null}},"line":51},"6":{"name":"(anonymous_6)","decl":{"start":{"line":52,"column":4},"end":{"line":52,"column":13}},"loc":{"start":{"line":52,"column":22},"end":{"line":68,"column":5}},"line":52},"7":{"name":"(anonymous_7)","decl":{"start":{"line":53,"column":28},"end":{"line":53,"column":34}},"loc":{"start":{"line":53,"column":43},"end":{"line":53,"column":69}},"line":53},"8":{"name":"(anonymous_8)","decl":{"start":{"line":55,"column":33},"end":{"line":55,"column":39}},"loc":{"start":{"line":55,"column":45},"end":{"line":55,"column":63}},"line":55},"9":{"name":"(anonymous_9)","decl":{"start":{"line":59,"column":22},"end":{"line":59,"column":30}},"loc":{"start":{"line":59,"column":39},"end":{"line":59,"column":65}},"line":59},"10":{"name":"(anonymous_10)","decl":{"start":{"line":61,"column":20},"end":{"line":61,"column":25}},"loc":{"start":{"line":62,"column":10},"end":{"line":64,"column":null}},"line":62},"11":{"name":"updateQuantity","decl":{"start":{"line":71,"column":11},"end":{"line":71,"column":26}},"loc":{"start":{"line":71,"column":63},"end":{"line":85,"column":null}},"line":71},"12":{"name":"(anonymous_12)","decl":{"start":{"line":72,"column":4},"end":{"line":72,"column":13}},"loc":{"start":{"line":72,"column":22},"end":{"line":84,"column":5}},"line":72},"13":{"name":"(anonymous_13)","decl":{"start":{"line":73,"column":31},"end":{"line":73,"column":37}},"loc":{"start":{"line":73,"column":43},"end":{"line":73,"column":61}},"line":73},"14":{"name":"(anonymous_14)","decl":{"start":{"line":77,"column":20},"end":{"line":77,"column":28}},"loc":{"start":{"line":77,"column":37},"end":{"line":77,"column":63}},"line":77},"15":{"name":"(anonymous_15)","decl":{"start":{"line":79,"column":18},"end":{"line":79,"column":23}},"loc":{"start":{"line":80,"column":8},"end":{"line":82,"column":null}},"line":80},"16":{"name":"removeItem","decl":{"start":{"line":87,"column":11},"end":{"line":87,"column":22}},"loc":{"start":{"line":87,"column":41},"end":{"line":89,"column":null}},"line":87},"17":{"name":"(anonymous_17)","decl":{"start":{"line":88,"column":4},"end":{"line":88,"column":13}},"loc":{"start":{"line":88,"column":22},"end":{"line":88,"column":71}},"line":88},"18":{"name":"(anonymous_18)","decl":{"start":{"line":88,"column":27},"end":{"line":88,"column":35}},"loc":{"start":{"line":88,"column":44},"end":{"line":88,"column":70}},"line":88},"19":{"name":"clearCart","decl":{"start":{"line":91,"column":11},"end":{"line":91,"column":23}},"loc":{"start":{"line":91,"column":23},"end":{"line":93,"column":null}},"line":91},"20":{"name":"(anonymous_20)","decl":{"start":{"line":95,"column":19},"end":{"line":95,"column":33}},"loc":{"start":{"line":95,"column":33},"end":{"line":95,"column":85}},"line":95},"21":{"name":"(anonymous_21)","decl":{"start":{"line":95,"column":38},"end":{"line":95,"column":46}},"loc":{"start":{"line":95,"column":60},"end":{"line":95,"column":81}},"line":95},"22":{"name":"(anonymous_22)","decl":{"start":{"line":96,"column":20},"end":{"line":96,"column":34}},"loc":{"start":{"line":96,"column":34},"end":{"line":96,"column":86}},"line":96},"23":{"name":"(anonymous_23)","decl":{"start":{"line":96,"column":39},"end":{"line":96,"column":47}},"loc":{"start":{"line":96,"column":61},"end":{"line":96,"column":82}},"line":96}},"branchMap":{"0":{"loc":{"start":{"line":25,"column":6},"end":{"line":35,"column":null}},"type":"if","locations":[{"start":{"line":25,"column":6},"end":{"line":35,"column":null}},{"start":{},"end":{}}],"line":25},"1":{"loc":{"start":{"line":26,"column":8},"end":{"line":28,"column":null}},"type":"if","locations":[{"start":{"line":26,"column":8},"end":{"line":28,"column":null}},{"start":{},"end":{}}],"line":26},"2":{"loc":{"start":{"line":26,"column":12},"end":{"line":26,"column":78}},"type":"binary-expr","locations":[{"start":{"line":26,"column":12},"end":{"line":26,"column":42}},{"start":{"line":26,"column":42},"end":{"line":26,"column":78}}],"line":26},"3":{"loc":{"start":{"line":31,"column":10},"end":{"line":33,"column":null}},"type":"cond-expr","locations":[{"start":{"line":32,"column":14},"end":{"line":32,"column":null}},{"start":{"line":33,"column":14},"end":{"line":33,"column":null}}],"line":31},"4":{"loc":{"start":{"line":54,"column":6},"end":{"line":66,"column":null}},"type":"if","locations":[{"start":{"line":54,"column":6},"end":{"line":66,"column":null}},{"start":{},"end":{}}],"line":54},"5":{"loc":{"start":{"line":57,"column":26},"end":{"line":57,"column":null}},"type":"cond-expr","locations":[{"start":{"line":57,"column":82},"end":{"line":57,"column":98}},{"start":{"line":57,"column":98},"end":{"line":57,"column":null}}],"line":57},"6":{"loc":{"start":{"line":57,"column":26},"end":{"line":57,"column":82}},"type":"binary-expr","locations":[{"start":{"line":57,"column":26},"end":{"line":57,"column":57}},{"start":{"line":57,"column":57},"end":{"line":57,"column":82}}],"line":57},"7":{"loc":{"start":{"line":58,"column":8},"end":{"line":60,"column":null}},"type":"if","locations":[{"start":{"line":58,"column":8},"end":{"line":60,"column":null}},{"start":{},"end":{}}],"line":58},"8":{"loc":{"start":{"line":62,"column":10},"end":{"line":64,"column":null}},"type":"cond-expr","locations":[{"start":{"line":63,"column":14},"end":{"line":63,"column":null}},{"start":{"line":64,"column":14},"end":{"line":64,"column":null}}],"line":62},"9":{"loc":{"start":{"line":75,"column":24},"end":{"line":75,"column":null}},"type":"cond-expr","locations":[{"start":{"line":75,"column":80},"end":{"line":75,"column":96}},{"start":{"line":75,"column":96},"end":{"line":75,"column":null}}],"line":75},"10":{"loc":{"start":{"line":75,"column":24},"end":{"line":75,"column":80}},"type":"binary-expr","locations":[{"start":{"line":75,"column":24},"end":{"line":75,"column":55}},{"start":{"line":75,"column":55},"end":{"line":75,"column":80}}],"line":75},"11":{"loc":{"start":{"line":76,"column":6},"end":{"line":78,"column":null}},"type":"if","locations":[{"start":{"line":76,"column":6},"end":{"line":78,"column":null}},{"start":{},"end":{}}],"line":76},"12":{"loc":{"start":{"line":80,"column":8},"end":{"line":82,"column":null}},"type":"cond-expr","locations":[{"start":{"line":81,"column":12},"end":{"line":81,"column":null}},{"start":{"line":82,"column":12},"end":{"line":82,"column":null}}],"line":80}},"s":{"0":27,"1":50,"2":50,"3":38,"4":50,"5":35,"6":5,"7":30,"8":30,"9":30,"10":15,"11":3,"12":3,"13":3,"14":3,"15":3,"16":3,"17":3,"18":3,"19":3,"20":1,"21":1,"22":2,"23":2,"24":0,"25":3,"26":3,"27":3,"28":3,"29":3,"30":3,"31":1,"32":1,"33":2,"34":2,"35":1,"36":1,"37":2,"38":1,"39":27,"40":27,"41":12,"42":27,"43":27,"44":12,"45":27},"f":{"0":27,"1":50,"2":50,"3":38,"4":30,"5":3,"6":3,"7":3,"8":3,"9":1,"10":2,"11":3,"12":3,"13":3,"14":1,"15":2,"16":1,"17":1,"18":2,"19":1,"20":27,"21":12,"22":27,"23":12},"b":{"0":[35,15],"1":[5,30],"2":[35,16],"3":[30,0],"4":[3,0],"5":[0,3],"6":[3,3],"7":[1,2],"8":[2,0],"9":[1,2],"10":[3,3],"11":[1,2],"12":[2,0]},"meta":{"lastBranch":13,"lastFunction":24,"lastStatement":46,"seen":{"f:19:16:19:24":0,"s:20:26:20:Infinity":0,"f:22:11:22:21":1,"s:23:4:48:Infinity":1,"f:23:4:23:13":2,"s:24:23:24:Infinity":2,"f:24:28:24:34":3,"s:24:43:24:70":3,"b:25:6:35:Infinity:undefined:undefined:undefined:undefined":0,"s:25:6:35:Infinity":4,"b:26:8:28:Infinity:undefined:undefined:undefined:undefined":1,"s:26:8:28:Infinity":5,"b:26:12:26:42:26:42:26:78":2,"s:27:10:27:Infinity":6,"s:29:23:29:Infinity":7,"s:30:8:34:Infinity":8,"f:30:20:30:25":4,"s:31:10:33:Infinity":9,"b:32:14:32:Infinity:33:14:33:Infinity":3,"s:36:6:47:Infinity":10,"f:51:11:51:23":5,"s:52:4:68:Infinity":11,"f:52:4:52:13":6,"s:53:23:53:Infinity":12,"f:53:28:53:34":7,"s:53:43:53:69":13,"b:54:6:66:Infinity:undefined:undefined:undefined:undefined":4,"s:54:6:66:Infinity":14,"s:55:24:55:Infinity":15,"f:55:33:55:39":8,"s:55:45:55:63":16,"s:56:23:56:Infinity":17,"s:57:26:57:Infinity":18,"b:57:82:57:98:57:98:57:Infinity":5,"b:57:26:57:57:57:57:57:82":6,"b:58:8:60:Infinity:undefined:undefined:undefined:undefined":7,"s:58:8:60:Infinity":19,"s:59:10:59:Infinity":20,"f:59:22:59:30":9,"s:59:39:59:65":21,"s:61:8:65:Infinity":22,"f:61:20:61:25":10,"s:62:10:64:Infinity":23,"b:63:14:63:Infinity:64:14:64:Infinity":8,"s:67:6:67:Infinity":24,"f:71:11:71:26":11,"s:72:4:84:Infinity":25,"f:72:4:72:13":12,"s:73:22:73:Infinity":26,"f:73:31:73:37":13,"s:73:43:73:61":27,"s:74:21:74:Infinity":28,"s:75:24:75:Infinity":29,"b:75:80:75:96:75:96:75:Infinity":9,"b:75:24:75:55:75:55:75:80":10,"b:76:6:78:Infinity:undefined:undefined:undefined:undefined":11,"s:76:6:78:Infinity":30,"s:77:8:77:Infinity":31,"f:77:20:77:28":14,"s:77:37:77:63":32,"s:79:6:83:Infinity":33,"f:79:18:79:23":15,"s:80:8:82:Infinity":34,"b:81:12:81:Infinity:82:12:82:Infinity":12,"f:87:11:87:22":16,"s:88:4:88:Infinity":35,"f:88:4:88:13":17,"s:88:22:88:71":36,"f:88:27:88:35":18,"s:88:44:88:70":37,"f:91:11:91:23":19,"s:92:4:92:Infinity":38,"s:95:19:95:Infinity":39,"f:95:19:95:33":20,"s:95:33:95:85":40,"f:95:38:95:46":21,"s:95:60:95:81":41,"s:96:20:96:Infinity":42,"f:96:20:96:34":22,"s:96:34:96:86":43,"f:96:39:96:47":23,"s:96:61:96:82":44,"s:98:2:107:Infinity":45},"fnNames":{}}}
,"/Users/ariel/Documents/librarySystem/pos/src/pages/POS/hooks/useClient.ts": {"path":"/Users/ariel/Documents/librarySystem/pos/src/pages/POS/hooks/useClient.ts","statementMap":{"0":{"start":{"line":14,"column":32},"end":{"line":14,"column":null}},"1":{"start":{"line":15,"column":28},"end":{"line":15,"column":null}},"2":{"start":{"line":17,"column":23},"end":{"line":34,"column":null}},"3":{"start":{"line":18,"column":4},"end":{"line":18,"column":null}},"4":{"start":{"line":19,"column":4},"end":{"line":19,"column":null}},"5":{"start":{"line":20,"column":4},"end":{"line":33,"column":null}},"6":{"start":{"line":21,"column":31},"end":{"line":25,"column":null}},"7":{"start":{"line":26,"column":6},"end":{"line":26,"column":null}},"8":{"start":{"line":28,"column":22},"end":{"line":28,"column":null}},"9":{"start":{"line":29,"column":6},"end":{"line":29,"column":null}},"10":{"start":{"line":30,"column":6},"end":{"line":30,"column":null}},"11":{"start":{"line":32,"column":6},"end":{"line":32,"column":null}},"12":{"start":{"line":36,"column":22},"end":{"line":54,"column":null}},"13":{"start":{"line":37,"column":4},"end":{"line":37,"column":null}},"14":{"start":{"line":38,"column":4},"end":{"line":38,"column":null}},"15":{"start":{"line":39,"column":4},"end":{"line":53,"column":null}},"16":{"start":{"line":40,"column":26},"end":{"line":40,"column":null}},"17":{"start":{"line":41,"column":6},"end":{"line":41,"column":null}},"18":{"start":{"line":41,"column":26},"end":{"line":41,"column":null}},"19":{"start":{"line":42,"column":6},"end":{"line":42,"column":null}},"20":{"start":{"line":42,"column":24},"end":{"line":42,"column":null}},"21":{"start":{"line":43,"column":6},"end":{"line":43,"column":null}},"22":{"start":{"line":43,"column":25},"end":{"line":43,"column":null}},"23":{"start":{"line":45,"column":23},"end":{"line":45,"column":null}},"24":{"start":{"line":46,"column":6},"end":{"line":46,"column":null}},"25":{"start":{"line":48,"column":22},"end":{"line":48,"column":null}},"26":{"start":{"line":49,"column":6},"end":{"line":49,"column":null}},"27":{"start":{"line":50,"column":6},"end":{"line":50,"column":null}},"28":{"start":{"line":52,"column":6},"end":{"line":52,"column":null}},"29":{"start":{"line":56,"column":24},"end":{"line":72,"column":null}},"30":{"start":{"line":57,"column":4},"end":{"line":57,"column":null}},"31":{"start":{"line":57,"column":23},"end":{"line":57,"column":null}},"32":{"start":{"line":58,"column":4},"end":{"line":58,"column":null}},"33":{"start":{"line":59,"column":4},"end":{"line":59,"column":null}},"34":{"start":{"line":60,"column":4},"end":{"line":71,"column":null}},"35":{"start":{"line":61,"column":23},"end":{"line":63,"column":null}},"36":{"start":{"line":64,"column":6},"end":{"line":64,"column":null}},"37":{"start":{"line":66,"column":22},"end":{"line":66,"column":null}},"38":{"start":{"line":67,"column":6},"end":{"line":67,"column":null}},"39":{"start":{"line":68,"column":6},"end":{"line":68,"column":null}},"40":{"start":{"line":70,"column":6},"end":{"line":70,"column":null}},"41":{"start":{"line":74,"column":2},"end":{"line":74,"column":null}}},"fnMap":{"0":{"name":"useClient","decl":{"start":{"line":13,"column":16},"end":{"line":13,"column":45}},"loc":{"start":{"line":13,"column":45},"end":{"line":75,"column":null}},"line":13},"1":{"name":"(anonymous_1)","decl":{"start":{"line":17,"column":35},"end":{"line":17,"column":42}},"loc":{"start":{"line":17,"column":102},"end":{"line":34,"column":5}},"line":17},"2":{"name":"(anonymous_2)","decl":{"start":{"line":36,"column":34},"end":{"line":36,"column":41}},"loc":{"start":{"line":36,"column":105},"end":{"line":54,"column":5}},"line":36},"3":{"name":"(anonymous_3)","decl":{"start":{"line":56,"column":36},"end":{"line":56,"column":43}},"loc":{"start":{"line":56,"column":61},"end":{"line":72,"column":5}},"line":56}},"branchMap":{"0":{"loc":{"start":{"line":24,"column":15},"end":{"line":24,"column":null}},"type":"binary-expr","locations":[{"start":{"line":24,"column":15},"end":{"line":24,"column":37}},{"start":{"line":24,"column":37},"end":{"line":24,"column":null}}],"line":24},"1":{"loc":{"start":{"line":28,"column":22},"end":{"line":28,"column":null}},"type":"binary-expr","locations":[{"start":{"line":28,"column":22},"end":{"line":28,"column":53}},{"start":{"line":28,"column":53},"end":{"line":28,"column":null}}],"line":28},"2":{"loc":{"start":{"line":41,"column":6},"end":{"line":41,"column":null}},"type":"if","locations":[{"start":{"line":41,"column":6},"end":{"line":41,"column":null}},{"start":{},"end":{}}],"line":41},"3":{"loc":{"start":{"line":42,"column":6},"end":{"line":42,"column":null}},"type":"if","locations":[{"start":{"line":42,"column":6},"end":{"line":42,"column":null}},{"start":{},"end":{}}],"line":42},"4":{"loc":{"start":{"line":43,"column":6},"end":{"line":43,"column":null}},"type":"if","locations":[{"start":{"line":43,"column":6},"end":{"line":43,"column":null}},{"start":{},"end":{}}],"line":43},"5":{"loc":{"start":{"line":48,"column":22},"end":{"line":48,"column":null}},"type":"binary-expr","locations":[{"start":{"line":48,"column":22},"end":{"line":48,"column":53}},{"start":{"line":48,"column":53},"end":{"line":48,"column":null}}],"line":48},"6":{"loc":{"start":{"line":57,"column":4},"end":{"line":57,"column":null}},"type":"if","locations":[{"start":{"line":57,"column":4},"end":{"line":57,"column":null}},{"start":{},"end":{}}],"line":57},"7":{"loc":{"start":{"line":64,"column":13},"end":{"line":64,"column":null}},"type":"binary-expr","locations":[{"start":{"line":64,"column":13},"end":{"line":64,"column":27}},{"start":{"line":64,"column":27},"end":{"line":64,"column":null}}],"line":64},"8":{"loc":{"start":{"line":66,"column":22},"end":{"line":66,"column":null}},"type":"binary-expr","locations":[{"start":{"line":66,"column":22},"end":{"line":66,"column":53}},{"start":{"line":66,"column":53},"end":{"line":66,"column":null}}],"line":66}},"s":{"0":11,"1":11,"2":11,"3":3,"4":3,"5":3,"6":3,"7":2,"8":1,"9":1,"10":1,"11":3,"12":11,"13":2,"14":2,"15":2,"16":2,"17":2,"18":1,"19":2,"20":1,"21":2,"22":1,"23":2,"24":1,"25":1,"26":1,"27":1,"28":2,"29":11,"30":2,"31":1,"32":1,"33":1,"34":1,"35":1,"36":1,"37":0,"38":0,"39":0,"40":1,"41":11},"f":{"0":11,"1":3,"2":2,"3":2},"b":{"0":[3,1],"1":[1,0],"2":[1,1],"3":[1,1],"4":[1,1],"5":[1,0],"6":[1,1],"7":[1,0],"8":[0,0]},"meta":{"lastBranch":9,"lastFunction":4,"lastStatement":42,"seen":{"f:13:16:13:45":0,"s:14:32:14:Infinity":0,"s:15:28:15:Infinity":1,"s:17:23:34:Infinity":2,"f:17:35:17:42":1,"s:18:4:18:Infinity":3,"s:19:4:19:Infinity":4,"s:20:4:33:Infinity":5,"s:21:31:25:Infinity":6,"b:24:15:24:37:24:37:24:Infinity":0,"s:26:6:26:Infinity":7,"s:28:22:28:Infinity":8,"b:28:22:28:53:28:53:28:Infinity":1,"s:29:6:29:Infinity":9,"s:30:6:30:Infinity":10,"s:32:6:32:Infinity":11,"s:36:22:54:Infinity":12,"f:36:34:36:41":2,"s:37:4:37:Infinity":13,"s:38:4:38:Infinity":14,"s:39:4:53:Infinity":15,"s:40:26:40:Infinity":16,"b:41:6:41:Infinity:undefined:undefined:undefined:undefined":2,"s:41:6:41:Infinity":17,"s:41:26:41:Infinity":18,"b:42:6:42:Infinity:undefined:undefined:undefined:undefined":3,"s:42:6:42:Infinity":19,"s:42:24:42:Infinity":20,"b:43:6:43:Infinity:undefined:undefined:undefined:undefined":4,"s:43:6:43:Infinity":21,"s:43:25:43:Infinity":22,"s:45:23:45:Infinity":23,"s:46:6:46:Infinity":24,"s:48:22:48:Infinity":25,"b:48:22:48:53:48:53:48:Infinity":5,"s:49:6:49:Infinity":26,"s:50:6:50:Infinity":27,"s:52:6:52:Infinity":28,"s:56:24:72:Infinity":29,"f:56:36:56:43":3,"b:57:4:57:Infinity:undefined:undefined:undefined:undefined":6,"s:57:4:57:Infinity":30,"s:57:23:57:Infinity":31,"s:58:4:58:Infinity":32,"s:59:4:59:Infinity":33,"s:60:4:71:Infinity":34,"s:61:23:63:Infinity":35,"s:64:6:64:Infinity":36,"b:64:13:64:27:64:27:64:Infinity":7,"s:66:22:66:Infinity":37,"b:66:22:66:53:66:53:66:Infinity":8,"s:67:6:67:Infinity":38,"s:68:6:68:Infinity":39,"s:70:6:70:Infinity":40,"s:74:2:74:Infinity":41},"fnNames":{}}}
,"/Users/ariel/Documents/librarySystem/pos/src/pages/POS/hooks/useProducts.ts": {"path":"/Users/ariel/Documents/librarySystem/pos/src/pages/POS/hooks/useProducts.ts","statementMap":{"0":{"start":{"line":13,"column":34},"end":{"line":13,"column":null}},"1":{"start":{"line":14,"column":32},"end":{"line":14,"column":null}},"2":{"start":{"line":15,"column":28},"end":{"line":15,"column":null}},"3":{"start":{"line":17,"column":24},"end":{"line":28,"column":null}},"4":{"start":{"line":18,"column":4},"end":{"line":18,"column":null}},"5":{"start":{"line":19,"column":4},"end":{"line":19,"column":null}},"6":{"start":{"line":20,"column":4},"end":{"line":27,"column":null}},"7":{"start":{"line":21,"column":23},"end":{"line":21,"column":null}},"8":{"start":{"line":22,"column":6},"end":{"line":22,"column":null}},"9":{"start":{"line":24,"column":6},"end":{"line":24,"column":null}},"10":{"start":{"line":26,"column":6},"end":{"line":26,"column":null}},"11":{"start":{"line":30,"column":2},"end":{"line":32,"column":null}},"12":{"start":{"line":31,"column":4},"end":{"line":31,"column":null}},"13":{"start":{"line":34,"column":2},"end":{"line":34,"column":null}}},"fnMap":{"0":{"name":"useProducts","decl":{"start":{"line":12,"column":16},"end":{"line":12,"column":28}},"loc":{"start":{"line":12,"column":60},"end":{"line":35,"column":null}},"line":12},"1":{"name":"(anonymous_1)","decl":{"start":{"line":17,"column":36},"end":{"line":17,"column":48}},"loc":{"start":{"line":17,"column":48},"end":{"line":28,"column":5}},"line":17},"2":{"name":"(anonymous_2)","decl":{"start":{"line":30,"column":2},"end":{"line":30,"column":18}},"loc":{"start":{"line":30,"column":18},"end":{"line":32,"column":5}},"line":30}},"branchMap":{"0":{"loc":{"start":{"line":12,"column":28},"end":{"line":12,"column":60}},"type":"default-arg","locations":[{"start":{"line":12,"column":36},"end":{"line":12,"column":60}}],"line":12},"1":{"loc":{"start":{"line":24,"column":15},"end":{"line":24,"column":73}},"type":"binary-expr","locations":[{"start":{"line":24,"column":15},"end":{"line":24,"column":46}},{"start":{"line":24,"column":46},"end":{"line":24,"column":73}}],"line":24}},"s":{"0":11,"1":11,"2":11,"3":11,"4":6,"5":6,"6":6,"7":6,"8":4,"9":2,"10":6,"11":11,"12":5,"13":11},"f":{"0":11,"1":6,"2":5},"b":{"0":[11],"1":[2,1]},"meta":{"lastBranch":2,"lastFunction":3,"lastStatement":14,"seen":{"f:12:16:12:28":0,"b:12:36:12:60":0,"s:13:34:13:Infinity":0,"s:14:32:14:Infinity":1,"s:15:28:15:Infinity":2,"s:17:24:28:Infinity":3,"f:17:36:17:48":1,"s:18:4:18:Infinity":4,"s:19:4:19:Infinity":5,"s:20:4:27:Infinity":6,"s:21:23:21:Infinity":7,"s:22:6:22:Infinity":8,"s:24:6:24:Infinity":9,"b:24:15:24:46:24:46:24:73":1,"s:26:6:26:Infinity":10,"s:30:2:32:Infinity":11,"f:30:2:30:18":2,"s:31:4:31:Infinity":12,"s:34:2:34:Infinity":13},"fnNames":{}}}
,"/Users/ariel/Documents/librarySystem/pos/src/pages/POS/hooks/useSale.ts": {"path":"/Users/ariel/Documents/librarySystem/pos/src/pages/POS/hooks/useSale.ts","statementMap":{"0":{"start":{"line":17,"column":32},"end":{"line":17,"column":null}},"1":{"start":{"line":18,"column":28},"end":{"line":18,"column":null}},"2":{"start":{"line":20,"column":19},"end":{"line":48,"column":null}},"3":{"start":{"line":27,"column":4},"end":{"line":27,"column":null}},"4":{"start":{"line":28,"column":4},"end":{"line":28,"column":null}},"5":{"start":{"line":29,"column":4},"end":{"line":47,"column":null}},"6":{"start":{"line":30,"column":23},"end":{"line":39,"column":null}},"7":{"start":{"line":40,"column":6},"end":{"line":40,"column":null}},"8":{"start":{"line":42,"column":22},"end":{"line":42,"column":null}},"9":{"start":{"line":43,"column":6},"end":{"line":43,"column":null}},"10":{"start":{"line":44,"column":6},"end":{"line":44,"column":null}},"11":{"start":{"line":46,"column":6},"end":{"line":46,"column":null}},"12":{"start":{"line":50,"column":2},"end":{"line":50,"column":null}}},"fnMap":{"0":{"name":"useSale","decl":{"start":{"line":16,"column":16},"end":{"line":16,"column":41}},"loc":{"start":{"line":16,"column":41},"end":{"line":51,"column":null}},"line":16},"1":{"name":"(anonymous_1)","decl":{"start":{"line":20,"column":31},"end":{"line":20,"column":38}},"loc":{"start":{"line":26,"column":8},"end":{"line":48,"column":5}},"line":26}},"branchMap":{"0":{"loc":{"start":{"line":36,"column":10},"end":{"line":38,"column":null}},"type":"cond-expr","locations":[{"start":{"line":37,"column":14},"end":{"line":37,"column":null}},{"start":{"line":38,"column":14},"end":{"line":38,"column":null}}],"line":36},"1":{"loc":{"start":{"line":36,"column":10},"end":{"line":36,"column":null}},"type":"binary-expr","locations":[{"start":{"line":36,"column":10},"end":{"line":36,"column":45}},{"start":{"line":36,"column":45},"end":{"line":36,"column":null}}],"line":36},"2":{"loc":{"start":{"line":42,"column":22},"end":{"line":42,"column":null}},"type":"binary-expr","locations":[{"start":{"line":42,"column":22},"end":{"line":42,"column":53}},{"start":{"line":42,"column":53},"end":{"line":42,"column":null}}],"line":42}},"s":{"0":8,"1":8,"2":8,"3":5,"4":5,"5":5,"6":5,"7":3,"8":2,"9":2,"10":2,"11":5,"12":8},"f":{"0":8,"1":5},"b":{"0":[4,1],"1":[5,2],"2":[2,1]},"meta":{"lastBranch":3,"lastFunction":2,"lastStatement":13,"seen":{"f:16:16:16:41":0,"s:17:32:17:Infinity":0,"s:18:28:18:Infinity":1,"s:20:19:48:Infinity":2,"f:20:31:20:38":1,"s:27:4:27:Infinity":3,"s:28:4:28:Infinity":4,"s:29:4:47:Infinity":5,"s:30:23:39:Infinity":6,"b:37:14:37:Infinity:38:14:38:Infinity":0,"b:36:10:36:45:36:45:36:Infinity":1,"s:40:6:40:Infinity":7,"s:42:22:42:Infinity":8,"b:42:22:42:53:42:53:42:Infinity":2,"s:43:6:43:Infinity":9,"s:44:6:44:Infinity":10,"s:46:6:46:Infinity":11,"s:50:2:50:Infinity":12},"fnNames":{}}}
,"/Users/ariel/Documents/librarySystem/pos/src/pages/POS/hooks/useShift.ts": {"path":"/Users/ariel/Documents/librarySystem/pos/src/pages/POS/hooks/useShift.ts","statementMap":{"0":{"start":{"line":17,"column":40},"end":{"line":17,"column":null}},"1":{"start":{"line":18,"column":38},"end":{"line":18,"column":null}},"2":{"start":{"line":19,"column":32},"end":{"line":19,"column":null}},"3":{"start":{"line":20,"column":28},"end":{"line":20,"column":null}},"4":{"start":{"line":21,"column":23},"end":{"line":21,"column":null}},"5":{"start":{"line":23,"column":27},"end":{"line":41,"column":null}},"6":{"start":{"line":24,"column":4},"end":{"line":24,"column":null}},"7":{"start":{"line":24,"column":23},"end":{"line":24,"column":null}},"8":{"start":{"line":25,"column":4},"end":{"line":25,"column":null}},"9":{"start":{"line":26,"column":4},"end":{"line":40,"column":null}},"10":{"start":{"line":27,"column":23},"end":{"line":27,"column":null}},"11":{"start":{"line":28,"column":6},"end":{"line":31,"column":null}},"12":{"start":{"line":29,"column":8},"end":{"line":29,"column":null}},"13":{"start":{"line":30,"column":8},"end":{"line":30,"column":null}},"14":{"start":{"line":33,"column":6},"end":{"line":35,"column":null}},"15":{"start":{"line":34,"column":8},"end":{"line":34,"column":null}},"16":{"start":{"line":37,"column":6},"end":{"line":39,"column":null}},"17":{"start":{"line":38,"column":8},"end":{"line":38,"column":null}},"18":{"start":{"line":43,"column":20},"end":{"line":54,"column":null}},"19":{"start":{"line":44,"column":4},"end":{"line":44,"column":null}},"20":{"start":{"line":45,"column":4},"end":{"line":53,"column":null}},"21":{"start":{"line":46,"column":6},"end":{"line":46,"column":null}},"22":{"start":{"line":47,"column":6},"end":{"line":47,"column":null}},"23":{"start":{"line":49,"column":6},"end":{"line":49,"column":null}},"24":{"start":{"line":50,"column":6},"end":{"line":50,"column":null}},"25":{"start":{"line":52,"column":6},"end":{"line":52,"column":null}},"26":{"start":{"line":56,"column":21},"end":{"line":71,"column":null}},"27":{"start":{"line":57,"column":4},"end":{"line":57,"column":null}},"28":{"start":{"line":57,"column":22},"end":{"line":57,"column":null}},"29":{"start":{"line":58,"column":4},"end":{"line":58,"column":null}},"30":{"start":{"line":59,"column":4},"end":{"line":70,"column":null}},"31":{"start":{"line":60,"column":6},"end":{"line":64,"column":null}},"32":{"start":{"line":65,"column":6},"end":{"line":65,"column":null}},"33":{"start":{"line":66,"column":6},"end":{"line":66,"column":null}},"34":{"start":{"line":68,"column":6},"end":{"line":68,"column":null}},"35":{"start":{"line":69,"column":6},"end":{"line":69,"column":null}},"36":{"start":{"line":73,"column":2},"end":{"line":82,"column":null}},"37":{"start":{"line":74,"column":4},"end":{"line":74,"column":null}},"38":{"start":{"line":75,"column":4},"end":{"line":75,"column":null}},"39":{"start":{"line":77,"column":21},"end":{"line":77,"column":null}},"40":{"start":{"line":77,"column":39},"end":{"line":77,"column":64}},"41":{"start":{"line":78,"column":4},"end":{"line":81,"column":null}},"42":{"start":{"line":79,"column":6},"end":{"line":79,"column":null}},"43":{"start":{"line":80,"column":6},"end":{"line":80,"column":null}},"44":{"start":{"line":84,"column":2},"end":{"line":92,"column":null}},"45":{"start":{"line":91,"column":19},"end":{"line":91,"column":null}}},"fnMap":{"0":{"name":"useShift","decl":{"start":{"line":16,"column":16},"end":{"line":16,"column":43}},"loc":{"start":{"line":16,"column":43},"end":{"line":93,"column":null}},"line":16},"1":{"name":"(anonymous_1)","decl":{"start":{"line":23,"column":39},"end":{"line":23,"column":46}},"loc":{"start":{"line":23,"column":72},"end":{"line":41,"column":5}},"line":23},"2":{"name":"(anonymous_2)","decl":{"start":{"line":43,"column":32},"end":{"line":43,"column":39}},"loc":{"start":{"line":43,"column":65},"end":{"line":54,"column":5}},"line":43},"3":{"name":"(anonymous_3)","decl":{"start":{"line":56,"column":33},"end":{"line":56,"column":40}},"loc":{"start":{"line":56,"column":118},"end":{"line":71,"column":5}},"line":56},"4":{"name":"(anonymous_4)","decl":{"start":{"line":73,"column":2},"end":{"line":73,"column":18}},"loc":{"start":{"line":73,"column":18},"end":{"line":82,"column":5}},"line":73},"5":{"name":"(anonymous_5)","decl":{"start":{"line":77,"column":21},"end":{"line":77,"column":39}},"loc":{"start":{"line":77,"column":39},"end":{"line":77,"column":64}},"line":77},"6":{"name":"(anonymous_6)","decl":{"start":{"line":78,"column":4},"end":{"line":78,"column":17}},"loc":{"start":{"line":78,"column":17},"end":{"line":81,"column":null}},"line":78},"7":{"name":"(anonymous_7)","decl":{"start":{"line":91,"column":4},"end":{"line":91,"column":19}},"loc":{"start":{"line":91,"column":19},"end":{"line":91,"column":null}},"line":91}},"branchMap":{"0":{"loc":{"start":{"line":23,"column":46},"end":{"line":23,"column":72}},"type":"default-arg","locations":[{"start":{"line":23,"column":62},"end":{"line":23,"column":72}}],"line":23},"1":{"loc":{"start":{"line":24,"column":4},"end":{"line":24,"column":null}},"type":"if","locations":[{"start":{"line":24,"column":4},"end":{"line":24,"column":null}},{"start":{},"end":{}}],"line":24},"2":{"loc":{"start":{"line":28,"column":6},"end":{"line":31,"column":null}},"type":"if","locations":[{"start":{"line":28,"column":6},"end":{"line":31,"column":null}},{"start":{},"end":{}}],"line":28},"3":{"loc":{"start":{"line":33,"column":6},"end":{"line":35,"column":null}},"type":"if","locations":[{"start":{"line":33,"column":6},"end":{"line":35,"column":null}},{"start":{},"end":{}}],"line":33},"4":{"loc":{"start":{"line":34,"column":17},"end":{"line":34,"column":71}},"type":"binary-expr","locations":[{"start":{"line":34,"column":17},"end":{"line":34,"column":48}},{"start":{"line":34,"column":48},"end":{"line":34,"column":71}}],"line":34},"5":{"loc":{"start":{"line":37,"column":6},"end":{"line":39,"column":null}},"type":"if","locations":[{"start":{"line":37,"column":6},"end":{"line":39,"column":null}},{"start":{},"end":{}}],"line":37},"6":{"loc":{"start":{"line":49,"column":15},"end":{"line":49,"column":68}},"type":"binary-expr","locations":[{"start":{"line":49,"column":15},"end":{"line":49,"column":46}},{"start":{"line":49,"column":46},"end":{"line":49,"column":68}}],"line":49},"7":{"loc":{"start":{"line":57,"column":4},"end":{"line":57,"column":null}},"type":"if","locations":[{"start":{"line":57,"column":4},"end":{"line":57,"column":null}},{"start":{},"end":{}}],"line":57},"8":{"loc":{"start":{"line":62,"column":14},"end":{"line":62,"column":null}},"type":"binary-expr","locations":[{"start":{"line":62,"column":14},"end":{"line":62,"column":22}},{"start":{"line":62,"column":22},"end":{"line":62,"column":null}}],"line":62},"9":{"loc":{"start":{"line":68,"column":15},"end":{"line":68,"column":69}},"type":"binary-expr","locations":[{"start":{"line":68,"column":15},"end":{"line":68,"column":46}},{"start":{"line":68,"column":46},"end":{"line":68,"column":69}}],"line":68}},"s":{"0":17,"1":17,"2":17,"3":17,"4":17,"5":17,"6":9,"7":7,"8":9,"9":9,"10":9,"11":8,"12":8,"13":8,"14":1,"15":1,"16":9,"17":9,"18":17,"19":2,"20":2,"21":2,"22":1,"23":1,"24":1,"25":2,"26":17,"27":2,"28":1,"29":1,"30":1,"31":1,"32":1,"33":1,"34":0,"35":0,"36":17,"37":7,"38":7,"39":7,"40":0,"41":7,"42":7,"43":7,"44":17,"45":1},"f":{"0":17,"1":9,"2":2,"3":2,"4":7,"5":0,"6":7,"7":1},"b":{"0":[9],"1":[7,2],"2":[8,0],"3":[1,0],"4":[1,0],"5":[9,0],"6":[1,0],"7":[1,1],"8":[1,0],"9":[0,0]},"meta":{"lastBranch":10,"lastFunction":8,"lastStatement":46,"seen":{"f:16:16:16:43":0,"s:17:40:17:Infinity":0,"s:18:38:18:Infinity":1,"s:19:32:19:Infinity":2,"s:20:28:20:Infinity":3,"s:21:23:21:Infinity":4,"s:23:27:41:Infinity":5,"f:23:39:23:46":1,"b:23:62:23:72":0,"b:24:4:24:Infinity:undefined:undefined:undefined:undefined":1,"s:24:4:24:Infinity":6,"s:24:23:24:Infinity":7,"s:25:4:25:Infinity":8,"s:26:4:40:Infinity":9,"s:27:23:27:Infinity":10,"b:28:6:31:Infinity:undefined:undefined:undefined:undefined":2,"s:28:6:31:Infinity":11,"s:29:8:29:Infinity":12,"s:30:8:30:Infinity":13,"b:33:6:35:Infinity:undefined:undefined:undefined:undefined":3,"s:33:6:35:Infinity":14,"s:34:8:34:Infinity":15,"b:34:17:34:48:34:48:34:71":4,"b:37:6:39:Infinity:undefined:undefined:undefined:undefined":5,"s:37:6:39:Infinity":16,"s:38:8:38:Infinity":17,"s:43:20:54:Infinity":18,"f:43:32:43:39":2,"s:44:4:44:Infinity":19,"s:45:4:53:Infinity":20,"s:46:6:46:Infinity":21,"s:47:6:47:Infinity":22,"s:49:6:49:Infinity":23,"b:49:15:49:46:49:46:49:68":6,"s:50:6:50:Infinity":24,"s:52:6:52:Infinity":25,"s:56:21:71:Infinity":26,"f:56:33:56:40":3,"b:57:4:57:Infinity:undefined:undefined:undefined:undefined":7,"s:57:4:57:Infinity":27,"s:57:22:57:Infinity":28,"s:58:4:58:Infinity":29,"s:59:4:70:Infinity":30,"s:60:6:64:Infinity":31,"b:62:14:62:22:62:22:62:Infinity":8,"s:65:6:65:Infinity":32,"s:66:6:66:Infinity":33,"s:68:6:68:Infinity":34,"b:68:15:68:46:68:46:68:69":9,"s:69:6:69:Infinity":35,"s:73:2:82:Infinity":36,"f:73:2:73:18":4,"s:74:4:74:Infinity":37,"s:75:4:75:Infinity":38,"s:77:21:77:Infinity":39,"f:77:21:77:39":5,"s:77:39:77:64":40,"s:78:4:81:Infinity":41,"f:78:4:78:17":6,"s:79:6:79:Infinity":42,"s:80:6:80:Infinity":43,"s:84:2:92:Infinity":44,"f:91:4:91:19":7,"s:91:19:91:Infinity":45},"fnNames":{}}}
}
